{
  "RSpec": {
    "coverage": {
      "/Users/naomibid/gitDir/pairing_week_4/bookmark_manager/spec/bookmark_spec.rb": [
        1,
        1,
        1,
        1,
        1,
        null,
        1,
        1,
        1,
        null,
        1,
        null,
        1,
        1,
        1,
        null,
        null,
        null,
        null,
        1,
        1,
        1,
        null,
        1,
        null,
        null
      ],
      "/Users/naomibid/gitDir/pairing_week_4/bookmark_manager/lib/bookmark.rb": [
        1,
        null,
        1,
        null,
        1,
        0,
        null,
        null,
        1,
        4,
        4,
        null,
        0,
        null,
        null,
        4,
        12,
        null,
        null,
        1,
        5,
        5,
        null,
        0,
        null,
        null,
        5,
        null,
        null,
        null
      ],
      "/Users/naomibid/gitDir/pairing_week_4/bookmark_manager/spec/features/creating_bookmarks_spec.rb": [
        1,
        1,
        1,
        1,
        1,
        null,
        1,
        null,
        null
      ],
      "/Users/naomibid/gitDir/pairing_week_4/bookmark_manager/spec/features/index_spec.rb": [
        1,
        1,
        1,
        1,
        null,
        null,
        1,
        1,
        1,
        null,
        null,
        1,
        1,
        1,
        null,
        null,
        1,
        1,
        1,
        null,
        null,
        null,
        null
      ],
      "/Users/naomibid/gitDir/pairing_week_4/bookmark_manager/spec/features/view_bookmark_spec.rb": [
        1,
        null,
        1,
        1,
        null,
        null,
        null,
        null,
        null,
        null,
        1,
        1,
        1,
        null,
        1,
        null,
        1,
        1,
        1,
        null,
        null
      ]
    },
    "timestamp": 1540392312
  }
}
